[443141:443141:0502/160828.729526:WARNING:sandbox_linux.cc(430)] InitializeSandbox() called with multiple threads in process gpu-process.
[375016:375016:0507/181308.584628:WARNING:sandbox_linux.cc(430)] InitializeSandbox() called with multiple threads in process gpu-process.
[375040:375040:0507/181313.111059:WARNING:frame_impl.cc(430)] SendProcessMessage sent to detached frame 5-52C9CDD9B44C253D21F265483FCC2909 will be ignored
[76115:76115:0510/162819.280913:WARNING:sandbox_linux.cc(430)] InitializeSandbox() called with multiple threads in process gpu-process.
[76137:76137:0510/162823.060905:WARNING:frame_impl.cc(430)] SendProcessMessage sent to detached frame 5-909AB22035766F3095E1F0F581008995 will be ignored
[76136:76136:0510/163033.082291:WARNING:frame_impl.cc(430)] SendProcessMessage sent to detached frame 6-A7ABED53346B10ECF65EB326736BD170 will be ignored
[887503:887503:0511/004718.149626:WARNING:sandbox_linux.cc(430)] InitializeSandbox() called with multiple threads in process gpu-process.
[887523:887523:0511/004721.524443:WARNING:frame_impl.cc(430)] SendProcessMessage sent to detached frame 5-409EC9BBE51A38884E44204E77C63203 will be ignored
[35127:35127:0515/024302.241220:WARNING:sandbox_linux.cc(430)] InitializeSandbox() called with multiple threads in process gpu-process.
[35149:35149:0515/024304.980693:WARNING:frame_impl.cc(430)] SendProcessMessage sent to detached frame 5-08894230747A95D82008BF94D7B983FE will be ignored
[13313:13313:0515/104130.842102:WARNING:sandbox_linux.cc(430)] InitializeSandbox() called with multiple threads in process gpu-process.
[13343:13343:0515/104133.802620:WARNING:frame_impl.cc(430)] SendProcessMessage sent to detached frame 5-2DE47302858E437144403872F6321ED2 will be ignored
[15953:15953:0515/104241.158132:WARNING:sandbox_linux.cc(430)] InitializeSandbox() called with multiple threads in process gpu-process.
[15982:15982:0515/104244.227106:WARNING:frame_impl.cc(430)] SendProcessMessage sent to detached frame 5-D382A088E0470B239F73D9591C950A05 will be ignored
[18156:18156:0515/104342.209152:WARNING:sandbox_linux.cc(430)] InitializeSandbox() called with multiple threads in process gpu-process.
[18213:18213:0515/104345.523886:WARNING:frame_impl.cc(430)] SendProcessMessage sent to detached frame 5-7B37281FA38DCFEA7A70A8020032B4B0 will be ignored
[20100:20100:0515/104437.941960:WARNING:sandbox_linux.cc(430)] InitializeSandbox() called with multiple threads in process gpu-process.
[20122:20122:0515/104440.969531:WARNING:frame_impl.cc(430)] SendProcessMessage sent to detached frame 5-B9778E7190A78AEB1B48632F29C49F42 will be ignored
[30521:30521:0515/105011.363426:WARNING:sandbox_linux.cc(430)] InitializeSandbox() called with multiple threads in process gpu-process.
[30544:30544:0515/105014.277089:WARNING:frame_impl.cc(430)] SendProcessMessage sent to detached frame 5-2F091651ECD85644B3684EF4FAB862F1 will be ignored
[36358:36358:0515/105253.199283:WARNING:sandbox_linux.cc(430)] InitializeSandbox() called with multiple threads in process gpu-process.
[36380:36380:0515/105256.248868:WARNING:frame_impl.cc(430)] SendProcessMessage sent to detached frame 5-890C854559399A6DC15D3A8A4896D2F8 will be ignored
[72268:72268:0515/111240.746234:WARNING:sandbox_linux.cc(430)] InitializeSandbox() called with multiple threads in process gpu-process.
[72313:72313:0515/111246.197424:WARNING:frame_impl.cc(430)] SendProcessMessage sent to detached frame 5-42FDCF6B4E06ACE5C418C1EA19AAE287 will be ignored
[78803:78803:0515/111628.953046:WARNING:sandbox_linux.cc(430)] InitializeSandbox() called with multiple threads in process gpu-process.
[78889:78889:0515/111640.940902:WARNING:frame_impl.cc(430)] SendProcessMessage sent to detached frame 5-CD32BA5AF656399256FAF0DA88391143 will be ignored
[84363:84363:0515/111936.902957:WARNING:sandbox_linux.cc(430)] InitializeSandbox() called with multiple threads in process gpu-process.
[84430:84430:0515/111944.272056:WARNING:frame_impl.cc(430)] SendProcessMessage sent to detached frame 5-2CAA4411A902ED3C71EB0AF4846497D1 will be ignored
[88245:88245:0515/112156.403123:WARNING:sandbox_linux.cc(430)] InitializeSandbox() called with multiple threads in process gpu-process.
[110353:110353:0515/113558.141250:WARNING:sandbox_linux.cc(430)] InitializeSandbox() called with multiple threads in process gpu-process.
[114462:114462:0515/113804.337232:WARNING:sandbox_linux.cc(430)] InitializeSandbox() called with multiple threads in process gpu-process.
[123260:123260:0515/114315.525759:WARNING:sandbox_linux.cc(430)] InitializeSandbox() called with multiple threads in process gpu-process.
[123317:123317:0515/114319.437804:WARNING:frame_impl.cc(430)] SendProcessMessage sent to detached frame 5-10EBAB2D1FB1E635BDFC48BB03E167B3 will be ignored
[127604:127604:0515/114540.725607:WARNING:sandbox_linux.cc(430)] InitializeSandbox() called with multiple threads in process gpu-process.
[127639:127639:0515/114545.397144:WARNING:frame_impl.cc(430)] SendProcessMessage sent to detached frame 5-F8CC0E90B729DF7C380B65E43FBEEFB2 will be ignored
[145314:145314:0515/115607.221631:WARNING:sandbox_linux.cc(430)] InitializeSandbox() called with multiple threads in process gpu-process.
[145362:145362:0515/115613.379638:WARNING:frame_impl.cc(430)] SendProcessMessage sent to detached frame 5-DFB19AA677473629EAAC03B0654BDA92 will be ignored
[4660:4660:0515/115923.990041:WARNING:sandbox_linux.cc(430)] InitializeSandbox() called with multiple threads in process gpu-process.
[4682:4682:0515/115927.102447:WARNING:frame_impl.cc(430)] SendProcessMessage sent to detached frame 5-C3AD8FD6D0F702C145112BA6D2F989BC will be ignored
[6756:6756:0515/120034.465799:WARNING:sandbox_linux.cc(430)] InitializeSandbox() called with multiple threads in process gpu-process.
[10939:10939:0515/120256.137138:WARNING:sandbox_linux.cc(430)] InitializeSandbox() called with multiple threads in process gpu-process.
[4533:4533:0515/121217.804233:WARNING:sandbox_linux.cc(430)] InitializeSandbox() called with multiple threads in process gpu-process.
[4556:4556:0515/121220.749886:WARNING:frame_impl.cc(430)] SendProcessMessage sent to detached frame 5-F0527201D9A9DD9BCD4553D423AAB177 will be ignored
[4789:4789:0515/121358.751087:WARNING:sandbox_linux.cc(430)] InitializeSandbox() called with multiple threads in process gpu-process.
[4810:4810:0515/121401.624142:WARNING:frame_impl.cc(430)] SendProcessMessage sent to detached frame 5-6990BB7A8E209BB8DDBC951D822AB219 will be ignored
[10564:10564:0515/121645.786446:WARNING:sandbox_linux.cc(430)] InitializeSandbox() called with multiple threads in process gpu-process.
[10585:10585:0515/121648.590080:WARNING:frame_impl.cc(430)] SendProcessMessage sent to detached frame 5-7B49FB3AA41081BC82489941C67C762C will be ignored
[5210:5210:0515/121926.330628:WARNING:sandbox_linux.cc(430)] InitializeSandbox() called with multiple threads in process gpu-process.
[5232:5232:0515/121929.134587:WARNING:frame_impl.cc(430)] SendProcessMessage sent to detached frame 5-D01641CEE37118C4D78361DEADB2E99F will be ignored
[8349:8349:0515/122051.636388:WARNING:sandbox_linux.cc(430)] InitializeSandbox() called with multiple threads in process gpu-process.
[8403:8403:0515/122054.250007:WARNING:frame_impl.cc(430)] SendProcessMessage sent to detached frame 5-1610AFCCBF82EFA1D222502F0927B1FD will be ignored
[10497:10497:0515/122149.786947:WARNING:sandbox_linux.cc(430)] InitializeSandbox() called with multiple threads in process gpu-process.
[10535:10535:0515/122152.214216:WARNING:frame_impl.cc(430)] SendProcessMessage sent to detached frame 5-2D44F2D98CE8CE476D97F2B1CD003E9C will be ignored
[344051:344051:0515/154330.197619:WARNING:sandbox_linux.cc(430)] InitializeSandbox() called with multiple threads in process gpu-process.
[344072:344072:0515/154333.454689:WARNING:frame_impl.cc(430)] SendProcessMessage sent to detached frame 5-4337EA320450A9B63C3609A3223941EA will be ignored
[1078792:1078792:0515/224204.000395:WARNING:sandbox_linux.cc(430)] InitializeSandbox() called with multiple threads in process gpu-process.
[1078823:1078823:0515/224208.828956:WARNING:frame_impl.cc(430)] SendProcessMessage sent to detached frame 5-BAE0CC952E36B9ECFD808398850E198A will be ignored
[1090642:1090642:0515/224644.465275:WARNING:sandbox_linux.cc(430)] InitializeSandbox() called with multiple threads in process gpu-process.
[1090685:1090685:0515/224656.223910:WARNING:frame_impl.cc(430)] SendProcessMessage sent to detached frame 5-D00CE3490A94FBE00755AB7D5F44BC5C will be ignored
[1251433:1251433:0515/234319.683823:WARNING:sandbox_linux.cc(430)] InitializeSandbox() called with multiple threads in process gpu-process.
[1251463:1251463:0515/234325.881363:WARNING:frame_impl.cc(430)] SendProcessMessage sent to detached frame 5-D01AD11F2A985411DD482DADE428875F will be ignored
[13153:13153:0517/104439.902512:WARNING:sandbox_linux.cc(430)] InitializeSandbox() called with multiple threads in process gpu-process.
[13191:13191:0517/104448.523517:WARNING:frame_impl.cc(430)] SendProcessMessage sent to detached frame 5-F5B977F83F1B4336E069D511EC79CA54 will be ignored
