<<<<<<< HEAD
[12477:12477:0517/104439.577971:WARNING:chrome_main_delegate.cc(745)] This is Chrome version 128.0.6613.138 (not a warning)
[12477:12477:0517/104439.890266:WARNING:account_consistency_mode_manager.cc(77)] Desktop Identity Consistency cannot be enabled as no OAuth client ID and client secret have been configured.
[12477:13139:0517/104448.819767:WARNING:browser_info.cc(345)] Returning a speculative frame for [7,9]
[12477:12477:0517/104448.893303:WARNING:browser_info.cc(345)] Returning a speculative frame for [8,9]
[12477:12477:0517/104448.893433:WARNING:browser_info.cc(345)] Returning a speculative frame for [8,9]
[12477:12477:0517/104448.893472:WARNING:browser_info.cc(345)] Returning a speculative frame for [8,9]
[12477:12477:0517/104448.893500:WARNING:browser_info.cc(345)] Returning a speculative frame for [8,9]
[12477:13139:0517/104448.895940:WARNING:browser_info.cc(345)] Returning a speculative frame for [8,9]
=======
[24448:24452:0516/121805.608:WARNING:chrome_main_delegate.cc(745)] This is Chrome version 128.0.6613.138 (not a warning)
[24448:9820:0516/121805.696:ERROR:google_update_settings.cc(265)] Failed opening key Software\Chromium to set usagestats; result: 5
[24448:24452:0516/121805.750:WARNING:account_consistency_mode_manager.cc(77)] Desktop Identity Consistency cannot be enabled as no OAuth client ID and client secret have been configured.
[16336:12320:0516/121810.853:ERROR:backend_impl.cc(1370)] Unable to map Index file
[24448:24452:0516/121812.007:ERROR:device_event_log_impl.cc(196)] [12:18:11.271] USB: usb_service_win.cc:105 SetupDiGetDeviceProperty({{A45C254E-DF1C-4EFD-8020-67D146A850E0}, 6}) failed: Elemento não encontrado. (0x490)
[4860:4804:0516/121812.597:WARNING:frame_impl.cc(430)] virtual CefFrameImpl::SendProcessMessage sent to detached frame 5-8FD22BD7E8999FBFC7FA27601F73E77B will be ignored
[10100:5080:0516/122808.992:WARNING:frame_impl.cc(430)] virtual CefFrameImpl::SendProcessMessage sent to detached frame 7-D619D0A61047F7C92DC0FBD2ACAE1CDF will be ignored
[24448:24452:0516/124008.209:ERROR:device_event_log_impl.cc(196)] [12:40:07.996] USB: usb_service_win.cc:105 SetupDiGetDeviceProperty({{A45C254E-DF1C-4EFD-8020-67D146A850E0}, 6}) failed: Elemento não encontrado. (0x490)
[23856:13164:0516/124043.992:WARNING:angle_platform_impl.cc(49)] HLSLCompiler.cpp:250 (rx::HLSLCompiler::compileToBinary): 
C:\fakepath(103,1-6): warning X4000: use of potentially uninitialized variable (dyn_index_vec4_float4_int)

[23856:17916:0516/124044.205:WARNING:angle_platform_impl.cc(49)] HLSLCompiler.cpp:250 (rx::HLSLCompiler::compileToBinary): 
C:\fakepath(136,1): warning X4000: use of potentially uninitialized variable (f_i_int_int_int2)
C:\fakepath(138,1): warning X4000: use of potentially uninitialized variable (f_i_int_int_int2)
C:\fakepath(174,1): warning X4000: use of potentially uninitialized variable (f_u_int_int_int)

>>>>>>> 1647321072d8b9b97bc7f42e73f7828ddcc5a695
